<?xml version="1.0" encoding="UTF-8"?>
<testsuite name="com.example.activity.DeckardActivityTest" tests="1" skipped="0" failures="0" errors="0" timestamp="2015-04-15T19:10:52" hostname="Jamess-MacBook-Pro-2.local" time="3.71">
  <properties/>
  <testcase name="testSomething" classname="com.example.activity.DeckardActivityTest" time="3.71"/>
  <system-out><![CDATA[DEBUG: Loading resources for android from jar:/Users/jhollingshead/.m2/repository/org/robolectric/android-all/4.3_r2-robolectric-0/android-all-4.3_r2-robolectric-0.jar!/res...
DEBUG: Loading resources for com.example from ./src/main/res...
]]></system-out>
  <system-err><![CDATA[WARNING: no system properties value for ro.build.date.utc
]]></system-err>
</testsuite>
