<?xml version='1.0' encoding='UTF-8' ?>
<testsuite name="com.jameshollingshead.activity.DeckardEspressoTest" tests="1" failures="0" errors="0" skipped="0" time="0.278" timestamp="2015-04-17T19:00:59" hostname="localhost">
  <properties>
    <property name="device" value="Nexus_5_API_21_x86(AVD) - 5.0.2" />
    <property name="flavor" value="" />
    <property name="project" value="BartenderApp2" />
  </properties>
  <testcase name="testActivityShouldHaveText" classname="com.jameshollingshead.activity.DeckardEspressoTest" time="0.283" />
</testsuite>